
risc_boot.elf:     file format elf32-littleriscv


Disassembly of section .text:

10000000 <_ftext>:
10000000:	0b00006f          	j	100000b0 <crt_init>
10000004:	00000013          	nop
10000008:	00000013          	nop
1000000c:	00000013          	nop
10000010:	00000013          	nop
10000014:	00000013          	nop
10000018:	00000013          	nop
1000001c:	00000013          	nop

10000020 <trap_entry>:
10000020:	fe112e23          	sw	ra,-4(sp)
10000024:	fe512c23          	sw	t0,-8(sp)
10000028:	fe612a23          	sw	t1,-12(sp)
1000002c:	fe712823          	sw	t2,-16(sp)
10000030:	fea12623          	sw	a0,-20(sp)
10000034:	feb12423          	sw	a1,-24(sp)
10000038:	fec12223          	sw	a2,-28(sp)
1000003c:	fed12023          	sw	a3,-32(sp)
10000040:	fce12e23          	sw	a4,-36(sp)
10000044:	fcf12c23          	sw	a5,-40(sp)
10000048:	fd012a23          	sw	a6,-44(sp)
1000004c:	fd112823          	sw	a7,-48(sp)
10000050:	fdc12623          	sw	t3,-52(sp)
10000054:	fdd12423          	sw	t4,-56(sp)
10000058:	fde12223          	sw	t5,-60(sp)
1000005c:	fdf12023          	sw	t6,-64(sp)
10000060:	fc010113          	addi	sp,sp,-64
10000064:	124000ef          	jal	ra,10000188 <isr>
10000068:	03c12083          	lw	ra,60(sp)
1000006c:	03812283          	lw	t0,56(sp)
10000070:	03412303          	lw	t1,52(sp)
10000074:	03012383          	lw	t2,48(sp)
10000078:	02c12503          	lw	a0,44(sp)
1000007c:	02812583          	lw	a1,40(sp)
10000080:	02412603          	lw	a2,36(sp)
10000084:	02012683          	lw	a3,32(sp)
10000088:	01c12703          	lw	a4,28(sp)
1000008c:	01812783          	lw	a5,24(sp)
10000090:	01412803          	lw	a6,20(sp)
10000094:	01012883          	lw	a7,16(sp)
10000098:	00c12e03          	lw	t3,12(sp)
1000009c:	00812e83          	lw	t4,8(sp)
100000a0:	00412f03          	lw	t5,4(sp)
100000a4:	00012f83          	lw	t6,0(sp)
100000a8:	04010113          	addi	sp,sp,64
100000ac:	30200073          	mret

100000b0 <crt_init>:
100000b0:	f0000117          	auipc	sp,0xf0000
100000b4:	55010113          	addi	sp,sp,1360 # 600 <_fstack>
100000b8:	00000517          	auipc	a0,0x0
100000bc:	f6850513          	addi	a0,a0,-152 # 10000020 <trap_entry>
100000c0:	30551073          	csrw	mtvec,a0

100000c4 <data_init>:
100000c4:	f0000517          	auipc	a0,0xf0000
100000c8:	f3c50513          	addi	a0,a0,-196 # 0 <__DYNAMIC>
100000cc:	f0000597          	auipc	a1,0xf0000
100000d0:	f3458593          	addi	a1,a1,-204 # 0 <__DYNAMIC>
100000d4:	00000617          	auipc	a2,0x0
100000d8:	6e460613          	addi	a2,a2,1764 # 100007b8 <_fdata_rom>

100000dc <data_loop>:
100000dc:	00b50c63          	beq	a0,a1,100000f4 <bss_init>
100000e0:	00062683          	lw	a3,0(a2)
100000e4:	00d52023          	sw	a3,0(a0)
100000e8:	00450513          	addi	a0,a0,4
100000ec:	00460613          	addi	a2,a2,4
100000f0:	fedff06f          	j	100000dc <data_loop>

100000f4 <bss_init>:
100000f4:	f0000517          	auipc	a0,0xf0000
100000f8:	f0c50513          	addi	a0,a0,-244 # 0 <__DYNAMIC>
100000fc:	f0000597          	auipc	a1,0xf0000
10000100:	f1458593          	addi	a1,a1,-236 # 10 <_ebss>

10000104 <bss_loop>:
10000104:	00b50863          	beq	a0,a1,10000114 <bss_done>
10000108:	00052023          	sw	zero,0(a0)
1000010c:	00450513          	addi	a0,a0,4
10000110:	ff5ff06f          	j	10000104 <bss_loop>

10000114 <bss_done>:
10000114:	00001537          	lui	a0,0x1
10000118:	88050513          	addi	a0,a0,-1920 # 880 <_fstack+0x280>
1000011c:	30451073          	csrw	mie,a0
10000120:	1ac000ef          	jal	ra,100002cc <main>

10000124 <infinit_loop>:
10000124:	0000006f          	j	10000124 <infinit_loop>

10000128 <flush_cpu_icache>:
10000128:	ff010113          	addi	sp,sp,-16
1000012c:	00812623          	sw	s0,12(sp)
10000130:	01010413          	addi	s0,sp,16
10000134:	00000013          	nop
10000138:	00c12403          	lw	s0,12(sp)
1000013c:	01010113          	addi	sp,sp,16
10000140:	00008067          	ret

10000144 <flush_cpu_dcache>:
10000144:	ff010113          	addi	sp,sp,-16
10000148:	00812623          	sw	s0,12(sp)
1000014c:	01010413          	addi	s0,sp,16
10000150:	00000013          	nop
10000154:	00c12403          	lw	s0,12(sp)
10000158:	01010113          	addi	sp,sp,16
1000015c:	00008067          	ret

10000160 <irq_setmask>:
10000160:	fe010113          	addi	sp,sp,-32
10000164:	00812e23          	sw	s0,28(sp)
10000168:	02010413          	addi	s0,sp,32
1000016c:	fea42623          	sw	a0,-20(s0)
10000170:	fec42783          	lw	a5,-20(s0)
10000174:	bc079073          	csrw	0xbc0,a5
10000178:	00000013          	nop
1000017c:	01c12403          	lw	s0,28(sp)
10000180:	02010113          	addi	sp,sp,32
10000184:	00008067          	ret

10000188 <isr>:
10000188:	ff010113          	addi	sp,sp,-16
1000018c:	00112623          	sw	ra,12(sp)
10000190:	00812423          	sw	s0,8(sp)
10000194:	01010413          	addi	s0,sp,16
10000198:	00000513          	li	a0,0
1000019c:	fc5ff0ef          	jal	ra,10000160 <irq_setmask>
100001a0:	f00037b7          	lui	a5,0xf0003
100001a4:	03878793          	addi	a5,a5,56 # f0003038 <_fdata_rom+0xe0002880>
100001a8:	00a00713          	li	a4,10
100001ac:	00e7a023          	sw	a4,0(a5)
100001b0:	f00037b7          	lui	a5,0xf0003
100001b4:	03c78793          	addi	a5,a5,60 # f000303c <_fdata_rom+0xe0002884>
100001b8:	00020737          	lui	a4,0x20
100001bc:	00e7a023          	sw	a4,0(a5)
100001c0:	00100713          	li	a4,1
100001c4:	00e01423          	sh	a4,8(zero) # 8 <flag>
100001c8:	00000013          	nop
100001cc:	00c12083          	lw	ra,12(sp)
100001d0:	00812403          	lw	s0,8(sp)
100001d4:	01010113          	addi	sp,sp,16
100001d8:	00008067          	ret

100001dc <flush_cpu_icache>:
100001dc:	ff010113          	addi	sp,sp,-16
100001e0:	00812623          	sw	s0,12(sp)
100001e4:	01010413          	addi	s0,sp,16
100001e8:	00000013          	nop
100001ec:	00c12403          	lw	s0,12(sp)
100001f0:	01010113          	addi	sp,sp,16
100001f4:	00008067          	ret

100001f8 <flush_cpu_dcache>:
100001f8:	ff010113          	addi	sp,sp,-16
100001fc:	00812623          	sw	s0,12(sp)
10000200:	01010413          	addi	s0,sp,16
10000204:	00000013          	nop
10000208:	00c12403          	lw	s0,12(sp)
1000020c:	01010113          	addi	sp,sp,16
10000210:	00008067          	ret

10000214 <putchar>:
10000214:	fe010113          	addi	sp,sp,-32
10000218:	00112e23          	sw	ra,28(sp)
1000021c:	00812c23          	sw	s0,24(sp)
10000220:	02010413          	addi	s0,sp,32
10000224:	00050793          	mv	a5,a0
10000228:	fef407a3          	sb	a5,-17(s0)
1000022c:	fef44703          	lbu	a4,-17(s0)
10000230:	00a00793          	li	a5,10
10000234:	00f71663          	bne	a4,a5,10000240 <putchar+0x2c>
10000238:	00d00513          	li	a0,13
1000023c:	fd9ff0ef          	jal	ra,10000214 <putchar>
10000240:	00000013          	nop
10000244:	f00067b7          	lui	a5,0xf0006
10000248:	80478793          	addi	a5,a5,-2044 # f0005804 <_fdata_rom+0xe000504c>
1000024c:	0007a703          	lw	a4,0(a5)
10000250:	00100793          	li	a5,1
10000254:	fef708e3          	beq	a4,a5,10000244 <putchar+0x30>
10000258:	f00067b7          	lui	a5,0xf0006
1000025c:	80078793          	addi	a5,a5,-2048 # f0005800 <_fdata_rom+0xe0005048>
10000260:	fef44703          	lbu	a4,-17(s0)
10000264:	00e7a023          	sw	a4,0(a5)
10000268:	00000013          	nop
1000026c:	01c12083          	lw	ra,28(sp)
10000270:	01812403          	lw	s0,24(sp)
10000274:	02010113          	addi	sp,sp,32
10000278:	00008067          	ret

1000027c <print>:
1000027c:	fe010113          	addi	sp,sp,-32
10000280:	00112e23          	sw	ra,28(sp)
10000284:	00812c23          	sw	s0,24(sp)
10000288:	02010413          	addi	s0,sp,32
1000028c:	fea42623          	sw	a0,-20(s0)
10000290:	01c0006f          	j	100002ac <print+0x30>
10000294:	fec42783          	lw	a5,-20(s0)
10000298:	00178713          	addi	a4,a5,1
1000029c:	fee42623          	sw	a4,-20(s0)
100002a0:	0007c783          	lbu	a5,0(a5)
100002a4:	00078513          	mv	a0,a5
100002a8:	f6dff0ef          	jal	ra,10000214 <putchar>
100002ac:	fec42783          	lw	a5,-20(s0)
100002b0:	0007c783          	lbu	a5,0(a5)
100002b4:	fe0790e3          	bnez	a5,10000294 <print+0x18>
100002b8:	00000013          	nop
100002bc:	01c12083          	lw	ra,28(sp)
100002c0:	01812403          	lw	s0,24(sp)
100002c4:	02010113          	addi	sp,sp,32
100002c8:	00008067          	ret

100002cc <main>:
100002cc:	fe010113          	addi	sp,sp,-32
100002d0:	00812e23          	sw	s0,28(sp)
100002d4:	02010413          	addi	s0,sp,32
100002d8:	fe042623          	sw	zero,-20(s0)
100002dc:	f00047b7          	lui	a5,0xf0004
100002e0:	0007a023          	sw	zero,0(a5) # f0004000 <_fdata_rom+0xe0003848>
100002e4:	f00047b7          	lui	a5,0xf0004
100002e8:	80078793          	addi	a5,a5,-2048 # f0003800 <_fdata_rom+0xe0003048>
100002ec:	00100713          	li	a4,1
100002f0:	00e7a023          	sw	a4,0(a5)
100002f4:	260007b7          	lui	a5,0x26000
100002f8:	0a078793          	addi	a5,a5,160 # 260000a0 <_fdata_rom+0x15fff8e8>
100002fc:	00002737          	lui	a4,0x2
10000300:	80970713          	addi	a4,a4,-2039 # 1809 <_fstack+0x1209>
10000304:	00e7a023          	sw	a4,0(a5)
10000308:	260007b7          	lui	a5,0x26000
1000030c:	09c78793          	addi	a5,a5,156 # 2600009c <_fdata_rom+0x15fff8e4>
10000310:	00002737          	lui	a4,0x2
10000314:	80970713          	addi	a4,a4,-2039 # 1809 <_fstack+0x1209>
10000318:	00e7a023          	sw	a4,0(a5)
1000031c:	260007b7          	lui	a5,0x26000
10000320:	09878793          	addi	a5,a5,152 # 26000098 <_fdata_rom+0x15fff8e0>
10000324:	00002737          	lui	a4,0x2
10000328:	80970713          	addi	a4,a4,-2039 # 1809 <_fstack+0x1209>
1000032c:	00e7a023          	sw	a4,0(a5)
10000330:	260007b7          	lui	a5,0x26000
10000334:	09478793          	addi	a5,a5,148 # 26000094 <_fdata_rom+0x15fff8dc>
10000338:	00002737          	lui	a4,0x2
1000033c:	80970713          	addi	a4,a4,-2039 # 1809 <_fstack+0x1209>
10000340:	00e7a023          	sw	a4,0(a5)
10000344:	260007b7          	lui	a5,0x26000
10000348:	09078793          	addi	a5,a5,144 # 26000090 <_fdata_rom+0x15fff8d8>
1000034c:	00002737          	lui	a4,0x2
10000350:	80970713          	addi	a4,a4,-2039 # 1809 <_fstack+0x1209>
10000354:	00e7a023          	sw	a4,0(a5)
10000358:	260007b7          	lui	a5,0x26000
1000035c:	08c78793          	addi	a5,a5,140 # 2600008c <_fdata_rom+0x15fff8d4>
10000360:	00002737          	lui	a4,0x2
10000364:	80970713          	addi	a4,a4,-2039 # 1809 <_fstack+0x1209>
10000368:	00e7a023          	sw	a4,0(a5)
1000036c:	260007b7          	lui	a5,0x26000
10000370:	08878793          	addi	a5,a5,136 # 26000088 <_fdata_rom+0x15fff8d0>
10000374:	00002737          	lui	a4,0x2
10000378:	80970713          	addi	a4,a4,-2039 # 1809 <_fstack+0x1209>
1000037c:	00e7a023          	sw	a4,0(a5)
10000380:	260007b7          	lui	a5,0x26000
10000384:	08478793          	addi	a5,a5,132 # 26000084 <_fdata_rom+0x15fff8cc>
10000388:	00002737          	lui	a4,0x2
1000038c:	80970713          	addi	a4,a4,-2039 # 1809 <_fstack+0x1209>
10000390:	00e7a023          	sw	a4,0(a5)
10000394:	260007b7          	lui	a5,0x26000
10000398:	08078793          	addi	a5,a5,128 # 26000080 <_fdata_rom+0x15fff8c8>
1000039c:	00002737          	lui	a4,0x2
100003a0:	80970713          	addi	a4,a4,-2039 # 1809 <_fstack+0x1209>
100003a4:	00e7a023          	sw	a4,0(a5)
100003a8:	260007b7          	lui	a5,0x26000
100003ac:	07c78793          	addi	a5,a5,124 # 2600007c <_fdata_rom+0x15fff8c4>
100003b0:	00002737          	lui	a4,0x2
100003b4:	80970713          	addi	a4,a4,-2039 # 1809 <_fstack+0x1209>
100003b8:	00e7a023          	sw	a4,0(a5)
100003bc:	260007b7          	lui	a5,0x26000
100003c0:	07878793          	addi	a5,a5,120 # 26000078 <_fdata_rom+0x15fff8c0>
100003c4:	00002737          	lui	a4,0x2
100003c8:	80970713          	addi	a4,a4,-2039 # 1809 <_fstack+0x1209>
100003cc:	00e7a023          	sw	a4,0(a5)
100003d0:	260007b7          	lui	a5,0x26000
100003d4:	07478793          	addi	a5,a5,116 # 26000074 <_fdata_rom+0x15fff8bc>
100003d8:	00002737          	lui	a4,0x2
100003dc:	80970713          	addi	a4,a4,-2039 # 1809 <_fstack+0x1209>
100003e0:	00e7a023          	sw	a4,0(a5)
100003e4:	260007b7          	lui	a5,0x26000
100003e8:	07078793          	addi	a5,a5,112 # 26000070 <_fdata_rom+0x15fff8b8>
100003ec:	00002737          	lui	a4,0x2
100003f0:	80970713          	addi	a4,a4,-2039 # 1809 <_fstack+0x1209>
100003f4:	00e7a023          	sw	a4,0(a5)
100003f8:	260007b7          	lui	a5,0x26000
100003fc:	06c78793          	addi	a5,a5,108 # 2600006c <_fdata_rom+0x15fff8b4>
10000400:	00002737          	lui	a4,0x2
10000404:	80970713          	addi	a4,a4,-2039 # 1809 <_fstack+0x1209>
10000408:	00e7a023          	sw	a4,0(a5)
1000040c:	260007b7          	lui	a5,0x26000
10000410:	06878793          	addi	a5,a5,104 # 26000068 <_fdata_rom+0x15fff8b0>
10000414:	00002737          	lui	a4,0x2
10000418:	80970713          	addi	a4,a4,-2039 # 1809 <_fstack+0x1209>
1000041c:	00e7a023          	sw	a4,0(a5)
10000420:	260007b7          	lui	a5,0x26000
10000424:	06478793          	addi	a5,a5,100 # 26000064 <_fdata_rom+0x15fff8ac>
10000428:	00002737          	lui	a4,0x2
1000042c:	80970713          	addi	a4,a4,-2039 # 1809 <_fstack+0x1209>
10000430:	00e7a023          	sw	a4,0(a5)
10000434:	260007b7          	lui	a5,0x26000
10000438:	00100713          	li	a4,1
1000043c:	00e7a023          	sw	a4,0(a5) # 26000000 <_fdata_rom+0x15fff848>
10000440:	00000013          	nop
10000444:	260007b7          	lui	a5,0x26000
10000448:	0007a703          	lw	a4,0(a5) # 26000000 <_fdata_rom+0x15fff848>
1000044c:	00100793          	li	a5,1
10000450:	fef70ae3          	beq	a4,a5,10000444 <main+0x178>
10000454:	f00037b7          	lui	a5,0xf0003
10000458:	01478713          	addi	a4,a5,20 # f0003014 <_fdata_rom+0xe000285c>
1000045c:	f00037b7          	lui	a5,0xf0003
10000460:	00478693          	addi	a3,a5,4 # f0003004 <_fdata_rom+0xe000284c>
10000464:	fff00793          	li	a5,-1
10000468:	00f6a023          	sw	a5,0(a3)
1000046c:	00f72023          	sw	a5,0(a4)
10000470:	260007b7          	lui	a5,0x26000
10000474:	00c78793          	addi	a5,a5,12 # 2600000c <_fdata_rom+0x15fff854>
10000478:	ab600737          	lui	a4,0xab600
1000047c:	00e7a023          	sw	a4,0(a5)
10000480:	260007b7          	lui	a5,0x26000
10000484:	0b878793          	addi	a5,a5,184 # 260000b8 <_fdata_rom+0x15fff900>
10000488:	00002737          	lui	a4,0x2
1000048c:	c0070713          	addi	a4,a4,-1024 # 1c00 <_fstack+0x1600>
10000490:	00e7a023          	sw	a4,0(a5)
10000494:	260007b7          	lui	a5,0x26000
10000498:	0b478793          	addi	a5,a5,180 # 260000b4 <_fdata_rom+0x15fff8fc>
1000049c:	00002737          	lui	a4,0x2
100004a0:	c0070713          	addi	a4,a4,-1024 # 1c00 <_fstack+0x1600>
100004a4:	00e7a023          	sw	a4,0(a5)
100004a8:	260007b7          	lui	a5,0x26000
100004ac:	0b078793          	addi	a5,a5,176 # 260000b0 <_fdata_rom+0x15fff8f8>
100004b0:	00002737          	lui	a4,0x2
100004b4:	c0070713          	addi	a4,a4,-1024 # 1c00 <_fstack+0x1600>
100004b8:	00e7a023          	sw	a4,0(a5)
100004bc:	260007b7          	lui	a5,0x26000
100004c0:	0ac78793          	addi	a5,a5,172 # 260000ac <_fdata_rom+0x15fff8f4>
100004c4:	00002737          	lui	a4,0x2
100004c8:	c0070713          	addi	a4,a4,-1024 # 1c00 <_fstack+0x1600>
100004cc:	00e7a023          	sw	a4,0(a5)
100004d0:	260007b7          	lui	a5,0x26000
100004d4:	0a878793          	addi	a5,a5,168 # 260000a8 <_fdata_rom+0x15fff8f0>
100004d8:	00002737          	lui	a4,0x2
100004dc:	c0070713          	addi	a4,a4,-1024 # 1c00 <_fstack+0x1600>
100004e0:	00e7a023          	sw	a4,0(a5)
100004e4:	260007b7          	lui	a5,0x26000
100004e8:	0a478793          	addi	a5,a5,164 # 260000a4 <_fdata_rom+0x15fff8ec>
100004ec:	00002737          	lui	a4,0x2
100004f0:	c0070713          	addi	a4,a4,-1024 # 1c00 <_fstack+0x1600>
100004f4:	00e7a023          	sw	a4,0(a5)
100004f8:	260007b7          	lui	a5,0x26000
100004fc:	0a078793          	addi	a5,a5,160 # 260000a0 <_fdata_rom+0x15fff8e8>
10000500:	00002737          	lui	a4,0x2
10000504:	c0070713          	addi	a4,a4,-1024 # 1c00 <_fstack+0x1600>
10000508:	00e7a023          	sw	a4,0(a5)
1000050c:	260007b7          	lui	a5,0x26000
10000510:	09c78793          	addi	a5,a5,156 # 2600009c <_fdata_rom+0x15fff8e4>
10000514:	00002737          	lui	a4,0x2
10000518:	c0070713          	addi	a4,a4,-1024 # 1c00 <_fstack+0x1600>
1000051c:	00e7a023          	sw	a4,0(a5)
10000520:	260007b7          	lui	a5,0x26000
10000524:	09878793          	addi	a5,a5,152 # 26000098 <_fdata_rom+0x15fff8e0>
10000528:	00002737          	lui	a4,0x2
1000052c:	c0070713          	addi	a4,a4,-1024 # 1c00 <_fstack+0x1600>
10000530:	00e7a023          	sw	a4,0(a5)
10000534:	260007b7          	lui	a5,0x26000
10000538:	09478793          	addi	a5,a5,148 # 26000094 <_fdata_rom+0x15fff8dc>
1000053c:	00002737          	lui	a4,0x2
10000540:	c0070713          	addi	a4,a4,-1024 # 1c00 <_fstack+0x1600>
10000544:	00e7a023          	sw	a4,0(a5)
10000548:	260007b7          	lui	a5,0x26000
1000054c:	09078793          	addi	a5,a5,144 # 26000090 <_fdata_rom+0x15fff8d8>
10000550:	00002737          	lui	a4,0x2
10000554:	c0070713          	addi	a4,a4,-1024 # 1c00 <_fstack+0x1600>
10000558:	00e7a023          	sw	a4,0(a5)
1000055c:	260007b7          	lui	a5,0x26000
10000560:	08c78793          	addi	a5,a5,140 # 2600008c <_fdata_rom+0x15fff8d4>
10000564:	00002737          	lui	a4,0x2
10000568:	c0070713          	addi	a4,a4,-1024 # 1c00 <_fstack+0x1600>
1000056c:	00e7a023          	sw	a4,0(a5)
10000570:	260007b7          	lui	a5,0x26000
10000574:	08878793          	addi	a5,a5,136 # 26000088 <_fdata_rom+0x15fff8d0>
10000578:	00002737          	lui	a4,0x2
1000057c:	c0070713          	addi	a4,a4,-1024 # 1c00 <_fstack+0x1600>
10000580:	00e7a023          	sw	a4,0(a5)
10000584:	260007b7          	lui	a5,0x26000
10000588:	08478793          	addi	a5,a5,132 # 26000084 <_fdata_rom+0x15fff8cc>
1000058c:	00002737          	lui	a4,0x2
10000590:	c0070713          	addi	a4,a4,-1024 # 1c00 <_fstack+0x1600>
10000594:	00e7a023          	sw	a4,0(a5)
10000598:	260007b7          	lui	a5,0x26000
1000059c:	08078793          	addi	a5,a5,128 # 26000080 <_fdata_rom+0x15fff8c8>
100005a0:	00002737          	lui	a4,0x2
100005a4:	c0070713          	addi	a4,a4,-1024 # 1c00 <_fstack+0x1600>
100005a8:	00e7a023          	sw	a4,0(a5)
100005ac:	260007b7          	lui	a5,0x26000
100005b0:	07c78793          	addi	a5,a5,124 # 2600007c <_fdata_rom+0x15fff8c4>
100005b4:	00002737          	lui	a4,0x2
100005b8:	c0070713          	addi	a4,a4,-1024 # 1c00 <_fstack+0x1600>
100005bc:	00e7a023          	sw	a4,0(a5)
100005c0:	260007b7          	lui	a5,0x26000
100005c4:	07878793          	addi	a5,a5,120 # 26000078 <_fdata_rom+0x15fff8c0>
100005c8:	00002737          	lui	a4,0x2
100005cc:	c0070713          	addi	a4,a4,-1024 # 1c00 <_fstack+0x1600>
100005d0:	00e7a023          	sw	a4,0(a5)
100005d4:	260007b7          	lui	a5,0x26000
100005d8:	07478793          	addi	a5,a5,116 # 26000074 <_fdata_rom+0x15fff8bc>
100005dc:	00002737          	lui	a4,0x2
100005e0:	c0070713          	addi	a4,a4,-1024 # 1c00 <_fstack+0x1600>
100005e4:	00e7a023          	sw	a4,0(a5)
100005e8:	260007b7          	lui	a5,0x26000
100005ec:	07078793          	addi	a5,a5,112 # 26000070 <_fdata_rom+0x15fff8b8>
100005f0:	00002737          	lui	a4,0x2
100005f4:	c0070713          	addi	a4,a4,-1024 # 1c00 <_fstack+0x1600>
100005f8:	00e7a023          	sw	a4,0(a5)
100005fc:	260007b7          	lui	a5,0x26000
10000600:	06c78793          	addi	a5,a5,108 # 2600006c <_fdata_rom+0x15fff8b4>
10000604:	00002737          	lui	a4,0x2
10000608:	c0070713          	addi	a4,a4,-1024 # 1c00 <_fstack+0x1600>
1000060c:	00e7a023          	sw	a4,0(a5)
10000610:	260007b7          	lui	a5,0x26000
10000614:	06878793          	addi	a5,a5,104 # 26000068 <_fdata_rom+0x15fff8b0>
10000618:	00002737          	lui	a4,0x2
1000061c:	c0070713          	addi	a4,a4,-1024 # 1c00 <_fstack+0x1600>
10000620:	00e7a023          	sw	a4,0(a5)
10000624:	260007b7          	lui	a5,0x26000
10000628:	06478793          	addi	a5,a5,100 # 26000064 <_fdata_rom+0x15fff8ac>
1000062c:	00002737          	lui	a4,0x2
10000630:	c0070713          	addi	a4,a4,-1024 # 1c00 <_fstack+0x1600>
10000634:	00e7a023          	sw	a4,0(a5)
10000638:	260007b7          	lui	a5,0x26000
1000063c:	06078793          	addi	a5,a5,96 # 26000060 <_fdata_rom+0x15fff8a8>
10000640:	00002737          	lui	a4,0x2
10000644:	c0070713          	addi	a4,a4,-1024 # 1c00 <_fstack+0x1600>
10000648:	00e7a023          	sw	a4,0(a5)
1000064c:	260007b7          	lui	a5,0x26000
10000650:	05c78793          	addi	a5,a5,92 # 2600005c <_fdata_rom+0x15fff8a4>
10000654:	00002737          	lui	a4,0x2
10000658:	c0070713          	addi	a4,a4,-1024 # 1c00 <_fstack+0x1600>
1000065c:	00e7a023          	sw	a4,0(a5)
10000660:	260007b7          	lui	a5,0x26000
10000664:	05878793          	addi	a5,a5,88 # 26000058 <_fdata_rom+0x15fff8a0>
10000668:	00002737          	lui	a4,0x2
1000066c:	c0070713          	addi	a4,a4,-1024 # 1c00 <_fstack+0x1600>
10000670:	00e7a023          	sw	a4,0(a5)
10000674:	260007b7          	lui	a5,0x26000
10000678:	05478793          	addi	a5,a5,84 # 26000054 <_fdata_rom+0x15fff89c>
1000067c:	00002737          	lui	a4,0x2
10000680:	c0070713          	addi	a4,a4,-1024 # 1c00 <_fstack+0x1600>
10000684:	00e7a023          	sw	a4,0(a5)
10000688:	260007b7          	lui	a5,0x26000
1000068c:	05078793          	addi	a5,a5,80 # 26000050 <_fdata_rom+0x15fff898>
10000690:	00002737          	lui	a4,0x2
10000694:	c0070713          	addi	a4,a4,-1024 # 1c00 <_fstack+0x1600>
10000698:	00e7a023          	sw	a4,0(a5)
1000069c:	260007b7          	lui	a5,0x26000
100006a0:	04c78793          	addi	a5,a5,76 # 2600004c <_fdata_rom+0x15fff894>
100006a4:	00002737          	lui	a4,0x2
100006a8:	c0070713          	addi	a4,a4,-1024 # 1c00 <_fstack+0x1600>
100006ac:	00e7a023          	sw	a4,0(a5)
100006b0:	260007b7          	lui	a5,0x26000
100006b4:	04878793          	addi	a5,a5,72 # 26000048 <_fdata_rom+0x15fff890>
100006b8:	00002737          	lui	a4,0x2
100006bc:	c0070713          	addi	a4,a4,-1024 # 1c00 <_fstack+0x1600>
100006c0:	00e7a023          	sw	a4,0(a5)
100006c4:	260007b7          	lui	a5,0x26000
100006c8:	04478793          	addi	a5,a5,68 # 26000044 <_fdata_rom+0x15fff88c>
100006cc:	00002737          	lui	a4,0x2
100006d0:	c0070713          	addi	a4,a4,-1024 # 1c00 <_fstack+0x1600>
100006d4:	00e7a023          	sw	a4,0(a5)
100006d8:	260007b7          	lui	a5,0x26000
100006dc:	04078793          	addi	a5,a5,64 # 26000040 <_fdata_rom+0x15fff888>
100006e0:	00002737          	lui	a4,0x2
100006e4:	c0070713          	addi	a4,a4,-1024 # 1c00 <_fstack+0x1600>
100006e8:	00e7a023          	sw	a4,0(a5)
100006ec:	260007b7          	lui	a5,0x26000
100006f0:	03c78793          	addi	a5,a5,60 # 2600003c <_fdata_rom+0x15fff884>
100006f4:	00002737          	lui	a4,0x2
100006f8:	c0070713          	addi	a4,a4,-1024 # 1c00 <_fstack+0x1600>
100006fc:	00e7a023          	sw	a4,0(a5)
10000700:	260007b7          	lui	a5,0x26000
10000704:	03878793          	addi	a5,a5,56 # 26000038 <_fdata_rom+0x15fff880>
10000708:	00002737          	lui	a4,0x2
1000070c:	c0070713          	addi	a4,a4,-1024 # 1c00 <_fstack+0x1600>
10000710:	00e7a023          	sw	a4,0(a5)
10000714:	260007b7          	lui	a5,0x26000
10000718:	03478793          	addi	a5,a5,52 # 26000034 <_fdata_rom+0x15fff87c>
1000071c:	00002737          	lui	a4,0x2
10000720:	c0070713          	addi	a4,a4,-1024 # 1c00 <_fstack+0x1600>
10000724:	00e7a023          	sw	a4,0(a5)
10000728:	260007b7          	lui	a5,0x26000
1000072c:	03078793          	addi	a5,a5,48 # 26000030 <_fdata_rom+0x15fff878>
10000730:	00002737          	lui	a4,0x2
10000734:	c0070713          	addi	a4,a4,-1024 # 1c00 <_fstack+0x1600>
10000738:	00e7a023          	sw	a4,0(a5)
1000073c:	260007b7          	lui	a5,0x26000
10000740:	02c78793          	addi	a5,a5,44 # 2600002c <_fdata_rom+0x15fff874>
10000744:	00002737          	lui	a4,0x2
10000748:	c0070713          	addi	a4,a4,-1024 # 1c00 <_fstack+0x1600>
1000074c:	00e7a023          	sw	a4,0(a5)
10000750:	260007b7          	lui	a5,0x26000
10000754:	02878793          	addi	a5,a5,40 # 26000028 <_fdata_rom+0x15fff870>
10000758:	00002737          	lui	a4,0x2
1000075c:	c0070713          	addi	a4,a4,-1024 # 1c00 <_fstack+0x1600>
10000760:	00e7a023          	sw	a4,0(a5)
10000764:	260007b7          	lui	a5,0x26000
10000768:	02478793          	addi	a5,a5,36 # 26000024 <_fdata_rom+0x15fff86c>
1000076c:	00002737          	lui	a4,0x2
10000770:	c0070713          	addi	a4,a4,-1024 # 1c00 <_fstack+0x1600>
10000774:	00e7a023          	sw	a4,0(a5)
10000778:	260007b7          	lui	a5,0x26000
1000077c:	00100713          	li	a4,1
10000780:	00e7a023          	sw	a4,0(a5) # 26000000 <_fdata_rom+0x15fff848>
10000784:	00000013          	nop
10000788:	260007b7          	lui	a5,0x26000
1000078c:	0007a703          	lw	a4,0(a5) # 26000000 <_fdata_rom+0x15fff848>
10000790:	00100793          	li	a5,1
10000794:	fef70ae3          	beq	a4,a5,10000788 <main+0x4bc>
10000798:	308007b7          	lui	a5,0x30800
1000079c:	01f00713          	li	a4,31
100007a0:	00e7a023          	sw	a4,0(a5) # 30800000 <_fdata_rom+0x207ff848>
100007a4:	00000013          	nop
100007a8:	01c12403          	lw	s0,28(sp)
100007ac:	02010113          	addi	sp,sp,32
100007b0:	00008067          	ret
