######### MPRJ-IMEM Wishbone Interface Min Timing ########## 
mprj/u_riscv_top/wbd_imem_adr_o[31]:-0.2198
mprj/u_riscv_top/wbd_imem_adr_o[30]:0.0344
mprj/u_riscv_top/wbd_imem_adr_o[29]:0.0752
mprj/u_riscv_top/wbd_imem_adr_o[28]:0.0487
mprj/u_riscv_top/wbd_imem_adr_o[27]:0.0432
mprj/u_riscv_top/wbd_imem_adr_o[26]:0.0335
mprj/u_riscv_top/wbd_imem_adr_o[25]:0.0383
mprj/u_riscv_top/wbd_imem_adr_o[24]:0.0136
mprj/u_riscv_top/wbd_imem_adr_o[23]:0.0046
mprj/u_riscv_top/wbd_imem_adr_o[22]:0.0506
mprj/u_riscv_top/wbd_imem_adr_o[21]:-0.0014
mprj/u_riscv_top/wbd_imem_adr_o[20]:0.0366
mprj/u_riscv_top/wbd_imem_adr_o[19]:0.0124
mprj/u_riscv_top/wbd_imem_adr_o[18]:0.0572
mprj/u_riscv_top/wbd_imem_adr_o[17]:0.1385
mprj/u_riscv_top/wbd_imem_adr_o[16]:0.1562
mprj/u_riscv_top/wbd_imem_adr_o[15]:-0.0194
mprj/u_riscv_top/wbd_imem_adr_o[14]:0.0003
mprj/u_riscv_top/wbd_imem_adr_o[13]:0.0487
mprj/u_riscv_top/wbd_imem_adr_o[12]:0.0047
mprj/u_riscv_top/wbd_imem_adr_o[11]:0.0523
mprj/u_riscv_top/wbd_imem_adr_o[10]:-0.1060
mprj/u_riscv_top/wbd_imem_adr_o[9]:-0.0947
mprj/u_riscv_top/wbd_imem_adr_o[8]:-0.1075
mprj/u_riscv_top/wbd_imem_adr_o[7]:-0.1860
mprj/u_riscv_top/wbd_imem_adr_o[6]:-0.1765
mprj/u_riscv_top/wbd_imem_adr_o[5]:-0.1869
mprj/u_riscv_top/wbd_imem_adr_o[4]:-0.1768
mprj/u_riscv_top/wbd_imem_adr_o[3]:-0.1263
mprj/u_riscv_top/wbd_imem_adr_o[2]:-0.0226
mprj/u_riscv_top/wbd_imem_stb_o:0.0213
mprj/u_riscv_top/wbd_imem_ack_i:0.8198
mprj/u_riscv_top/wbd_imem_dat_i[31]:0.7203
mprj/u_riscv_top/wbd_imem_dat_i[30]:0.7182
mprj/u_riscv_top/wbd_imem_dat_i[29]:0.7303
mprj/u_riscv_top/wbd_imem_dat_i[28]:0.7319
mprj/u_riscv_top/wbd_imem_dat_i[27]:0.5765
mprj/u_riscv_top/wbd_imem_dat_i[26]:0.5522
mprj/u_riscv_top/wbd_imem_dat_i[25]:0.5191
mprj/u_riscv_top/wbd_imem_dat_i[24]:0.6834
mprj/u_riscv_top/wbd_imem_dat_i[23]:0.5484
mprj/u_riscv_top/wbd_imem_dat_i[22]:0.5564
mprj/u_riscv_top/wbd_imem_dat_i[21]:0.5916
mprj/u_riscv_top/wbd_imem_dat_i[20]:0.5528
mprj/u_riscv_top/wbd_imem_dat_i[19]:0.7553
mprj/u_riscv_top/wbd_imem_dat_i[18]:0.7796
mprj/u_riscv_top/wbd_imem_dat_i[17]:0.7380
mprj/u_riscv_top/wbd_imem_dat_i[16]:0.7709
mprj/u_riscv_top/wbd_imem_dat_i[15]:0.8553
mprj/u_riscv_top/wbd_imem_dat_i[14]:0.7943
mprj/u_riscv_top/wbd_imem_dat_i[13]:0.8157
mprj/u_riscv_top/wbd_imem_dat_i[12]:0.8035
mprj/u_riscv_top/wbd_imem_dat_i[11]:0.7583
mprj/u_riscv_top/wbd_imem_dat_i[10]:0.7748
mprj/u_riscv_top/wbd_imem_dat_i[9]:0.7541
mprj/u_riscv_top/wbd_imem_dat_i[8]:0.7257
mprj/u_riscv_top/wbd_imem_dat_i[7]:0.7997
mprj/u_riscv_top/wbd_imem_dat_i[6]:0.8281
mprj/u_riscv_top/wbd_imem_dat_i[5]:0.8269
mprj/u_riscv_top/wbd_imem_dat_i[4]:0.7860
mprj/u_riscv_top/wbd_imem_dat_i[3]:0.7902
mprj/u_riscv_top/wbd_imem_dat_i[2]:0.7819
mprj/u_riscv_top/wbd_imem_dat_i[1]:0.8005
mprj/u_riscv_top/wbd_imem_dat_i[0]:0.7093
