######### MPRJ-IMEM Wishbone Interface Min Timing ########## 
mprj/u_riscv_top/wbd_imem_adr_o[31]:2.3468
mprj/u_riscv_top/wbd_imem_adr_o[30]:3.0653
mprj/u_riscv_top/wbd_imem_adr_o[29]:3.1873
mprj/u_riscv_top/wbd_imem_adr_o[28]:3.1026
mprj/u_riscv_top/wbd_imem_adr_o[27]:3.0643
mprj/u_riscv_top/wbd_imem_adr_o[26]:3.0375
mprj/u_riscv_top/wbd_imem_adr_o[25]:3.0486
mprj/u_riscv_top/wbd_imem_adr_o[24]:2.9839
mprj/u_riscv_top/wbd_imem_adr_o[23]:2.9599
mprj/u_riscv_top/wbd_imem_adr_o[22]:3.0810
mprj/u_riscv_top/wbd_imem_adr_o[21]:2.9502
mprj/u_riscv_top/wbd_imem_adr_o[20]:3.0345
mprj/u_riscv_top/wbd_imem_adr_o[19]:2.9646
mprj/u_riscv_top/wbd_imem_adr_o[18]:3.0771
mprj/u_riscv_top/wbd_imem_adr_o[17]:3.3072
mprj/u_riscv_top/wbd_imem_adr_o[16]:3.3716
mprj/u_riscv_top/wbd_imem_adr_o[15]:2.8722
mprj/u_riscv_top/wbd_imem_adr_o[14]:2.9269
mprj/u_riscv_top/wbd_imem_adr_o[13]:3.0546
mprj/u_riscv_top/wbd_imem_adr_o[12]:2.9305
mprj/u_riscv_top/wbd_imem_adr_o[11]:3.0654
mprj/u_riscv_top/wbd_imem_adr_o[10]:2.5958
mprj/u_riscv_top/wbd_imem_adr_o[9]:2.6412
mprj/u_riscv_top/wbd_imem_adr_o[8]:2.6068
mprj/u_riscv_top/wbd_imem_adr_o[7]:2.4336
mprj/u_riscv_top/wbd_imem_adr_o[6]:2.4557
mprj/u_riscv_top/wbd_imem_adr_o[5]:2.4223
mprj/u_riscv_top/wbd_imem_adr_o[4]:2.5176
mprj/u_riscv_top/wbd_imem_adr_o[3]:2.6440
mprj/u_riscv_top/wbd_imem_adr_o[2]:2.8882
mprj/u_riscv_top/wbd_imem_stb_o:2.8622
mprj/u_riscv_top/wbd_imem_ack_i:0.5878
mprj/u_riscv_top/wbd_imem_dat_i[31]:0.1793
mprj/u_riscv_top/wbd_imem_dat_i[30]:0.1669
mprj/u_riscv_top/wbd_imem_dat_i[29]:0.1897
mprj/u_riscv_top/wbd_imem_dat_i[28]:0.1936
mprj/u_riscv_top/wbd_imem_dat_i[27]:-0.2706
mprj/u_riscv_top/wbd_imem_dat_i[26]:-0.3116
mprj/u_riscv_top/wbd_imem_dat_i[25]:-0.4075
mprj/u_riscv_top/wbd_imem_dat_i[24]:0.0794
mprj/u_riscv_top/wbd_imem_dat_i[23]:-0.3525
mprj/u_riscv_top/wbd_imem_dat_i[22]:-0.3236
mprj/u_riscv_top/wbd_imem_dat_i[21]:-0.2136
mprj/u_riscv_top/wbd_imem_dat_i[20]:-0.3010
mprj/u_riscv_top/wbd_imem_dat_i[19]:0.2775
mprj/u_riscv_top/wbd_imem_dat_i[18]:0.3231
mprj/u_riscv_top/wbd_imem_dat_i[17]:0.2241
mprj/u_riscv_top/wbd_imem_dat_i[16]:0.3038
mprj/u_riscv_top/wbd_imem_dat_i[15]:0.4989
mprj/u_riscv_top/wbd_imem_dat_i[14]:0.3490
mprj/u_riscv_top/wbd_imem_dat_i[13]:0.4004
mprj/u_riscv_top/wbd_imem_dat_i[12]:0.3668
mprj/u_riscv_top/wbd_imem_dat_i[11]:0.2742
mprj/u_riscv_top/wbd_imem_dat_i[10]:0.3027
mprj/u_riscv_top/wbd_imem_dat_i[9]:0.2549
mprj/u_riscv_top/wbd_imem_dat_i[8]:0.1678
mprj/u_riscv_top/wbd_imem_dat_i[7]:0.3718
mprj/u_riscv_top/wbd_imem_dat_i[6]:0.4314
mprj/u_riscv_top/wbd_imem_dat_i[5]:0.4257
mprj/u_riscv_top/wbd_imem_dat_i[4]:0.3172
mprj/u_riscv_top/wbd_imem_dat_i[3]:0.3538
mprj/u_riscv_top/wbd_imem_dat_i[2]:0.3270
mprj/u_riscv_top/wbd_imem_dat_i[1]:0.3096
mprj/u_riscv_top/wbd_imem_dat_i[0]:0.1564
