######### MPRJ-DMEM Wishbone Interface Min Timing ########## 
mprj/u_riscv_top/wbd_dmem_adr_o[31]:0.8526
mprj/u_riscv_top/wbd_dmem_adr_o[30]:1.1803
mprj/u_riscv_top/wbd_dmem_adr_o[29]:1.1956
mprj/u_riscv_top/wbd_dmem_adr_o[28]:1.0964
mprj/u_riscv_top/wbd_dmem_adr_o[27]:1.1486
mprj/u_riscv_top/wbd_dmem_adr_o[26]:1.0745
mprj/u_riscv_top/wbd_dmem_adr_o[25]:1.1543
mprj/u_riscv_top/wbd_dmem_adr_o[24]:1.0839
mprj/u_riscv_top/wbd_dmem_adr_o[23]:1.1071
mprj/u_riscv_top/wbd_dmem_adr_o[22]:1.1652
mprj/u_riscv_top/wbd_dmem_adr_o[21]:1.0395
mprj/u_riscv_top/wbd_dmem_adr_o[20]:1.1592
mprj/u_riscv_top/wbd_dmem_adr_o[19]:1.0417
mprj/u_riscv_top/wbd_dmem_adr_o[18]:1.1378
mprj/u_riscv_top/wbd_dmem_adr_o[17]:1.0168
mprj/u_riscv_top/wbd_dmem_adr_o[16]:1.1405
mprj/u_riscv_top/wbd_dmem_adr_o[15]:1.0298
mprj/u_riscv_top/wbd_dmem_adr_o[14]:1.0230
mprj/u_riscv_top/wbd_dmem_adr_o[13]:1.0320
mprj/u_riscv_top/wbd_dmem_adr_o[12]:0.9759
mprj/u_riscv_top/wbd_dmem_adr_o[11]:1.0218
mprj/u_riscv_top/wbd_dmem_adr_o[10]:0.7956
mprj/u_riscv_top/wbd_dmem_adr_o[9]:0.8241
mprj/u_riscv_top/wbd_dmem_adr_o[8]:0.8148
mprj/u_riscv_top/wbd_dmem_adr_o[7]:0.7165
mprj/u_riscv_top/wbd_dmem_adr_o[6]:0.7076
mprj/u_riscv_top/wbd_dmem_adr_o[5]:0.7429
mprj/u_riscv_top/wbd_dmem_adr_o[4]:0.7380
mprj/u_riscv_top/wbd_dmem_adr_o[3]:0.7022
mprj/u_riscv_top/wbd_dmem_adr_o[2]:0.7856
mprj/u_riscv_top/wbd_dmem_stb_o:0.6809
mprj/u_riscv_top/wbd_dmem_dat_o[31]:0.8745
mprj/u_riscv_top/wbd_dmem_dat_o[30]:0.9422
mprj/u_riscv_top/wbd_dmem_dat_o[29]:0.7724
mprj/u_riscv_top/wbd_dmem_dat_o[28]:0.7750
mprj/u_riscv_top/wbd_dmem_dat_o[27]:0.7829
mprj/u_riscv_top/wbd_dmem_dat_o[26]:0.7384
mprj/u_riscv_top/wbd_dmem_dat_o[25]:1.0496
mprj/u_riscv_top/wbd_dmem_dat_o[24]:1.0485
mprj/u_riscv_top/wbd_dmem_dat_o[23]:1.0260
mprj/u_riscv_top/wbd_dmem_dat_o[22]:1.0235
mprj/u_riscv_top/wbd_dmem_dat_o[21]:1.0240
mprj/u_riscv_top/wbd_dmem_dat_o[20]:1.0167
mprj/u_riscv_top/wbd_dmem_dat_o[19]:0.7160
mprj/u_riscv_top/wbd_dmem_dat_o[18]:0.7758
mprj/u_riscv_top/wbd_dmem_dat_o[17]:1.0714
mprj/u_riscv_top/wbd_dmem_dat_o[16]:1.0682
mprj/u_riscv_top/wbd_dmem_dat_o[15]:0.7640
mprj/u_riscv_top/wbd_dmem_dat_o[14]:0.8038
mprj/u_riscv_top/wbd_dmem_dat_o[13]:0.8577
mprj/u_riscv_top/wbd_dmem_dat_o[12]:0.8303
mprj/u_riscv_top/wbd_dmem_dat_o[11]:1.0037
mprj/u_riscv_top/wbd_dmem_dat_o[10]:0.7532
mprj/u_riscv_top/wbd_dmem_dat_o[9]:0.6901
mprj/u_riscv_top/wbd_dmem_dat_o[8]:0.8490
mprj/u_riscv_top/wbd_dmem_dat_o[7]:0.8072
mprj/u_riscv_top/wbd_dmem_dat_o[6]:0.8203
mprj/u_riscv_top/wbd_dmem_dat_o[5]:0.8496
mprj/u_riscv_top/wbd_dmem_dat_o[4]:0.8489
mprj/u_riscv_top/wbd_dmem_dat_o[3]:0.7724
mprj/u_riscv_top/wbd_dmem_dat_o[2]:0.7405
mprj/u_riscv_top/wbd_dmem_dat_o[1]:0.7484
mprj/u_riscv_top/wbd_dmem_dat_o[0]:0.7509
mprj/u_riscv_top/wbd_dmem_sel_o[3]:0.5757
mprj/u_riscv_top/wbd_dmem_sel_o[2]:0.6292
mprj/u_riscv_top/wbd_dmem_sel_o[1]:0.8935
mprj/u_riscv_top/wbd_dmem_sel_o[0]:0.8182
mprj/u_riscv_top/wbd_dmem_we_o:0.4056
mprj/u_riscv_top/wbd_dmem_ack_i:0.8811
mprj/u_riscv_top/wbd_dmem_dat_i[31]:0.8295
mprj/u_riscv_top/wbd_dmem_dat_i[30]:0.8232
mprj/u_riscv_top/wbd_dmem_dat_i[29]:0.8385
mprj/u_riscv_top/wbd_dmem_dat_i[28]:0.8419
mprj/u_riscv_top/wbd_dmem_dat_i[27]:0.5230
mprj/u_riscv_top/wbd_dmem_dat_i[26]:0.5404
mprj/u_riscv_top/wbd_dmem_dat_i[25]:0.4927
mprj/u_riscv_top/wbd_dmem_dat_i[24]:0.7904
mprj/u_riscv_top/wbd_dmem_dat_i[23]:0.4987
mprj/u_riscv_top/wbd_dmem_dat_i[22]:0.4966
mprj/u_riscv_top/wbd_dmem_dat_i[21]:0.5719
mprj/u_riscv_top/wbd_dmem_dat_i[20]:0.5168
mprj/u_riscv_top/wbd_dmem_dat_i[19]:0.8602
mprj/u_riscv_top/wbd_dmem_dat_i[18]:0.8657
mprj/u_riscv_top/wbd_dmem_dat_i[17]:0.8423
mprj/u_riscv_top/wbd_dmem_dat_i[16]:0.8809
mprj/u_riscv_top/wbd_dmem_dat_i[15]:0.8250
mprj/u_riscv_top/wbd_dmem_dat_i[14]:0.8015
mprj/u_riscv_top/wbd_dmem_dat_i[13]:0.8083
mprj/u_riscv_top/wbd_dmem_dat_i[12]:0.7525
mprj/u_riscv_top/wbd_dmem_dat_i[11]:0.7736
mprj/u_riscv_top/wbd_dmem_dat_i[10]:0.8410
mprj/u_riscv_top/wbd_dmem_dat_i[9]:0.7696
mprj/u_riscv_top/wbd_dmem_dat_i[8]:0.7264
mprj/u_riscv_top/wbd_dmem_dat_i[7]:0.9065
mprj/u_riscv_top/wbd_dmem_dat_i[6]:0.9369
mprj/u_riscv_top/wbd_dmem_dat_i[5]:0.9259
mprj/u_riscv_top/wbd_dmem_dat_i[4]:0.8377
mprj/u_riscv_top/wbd_dmem_dat_i[3]:0.9215
mprj/u_riscv_top/wbd_dmem_dat_i[2]:0.8965
mprj/u_riscv_top/wbd_dmem_dat_i[1]:0.8091
mprj/u_riscv_top/wbd_dmem_dat_i[0]:0.7844
